Arguments: 
  /usr/local/bin/node /usr/local/bin/yarn init

PATH: 
  /home/jimd/anaconda3/bin:/home/jimd/miniconda3/bin:/home/jimd/miniconda3/condabin:/usr/local/lib/node_modules:/usr/local/share/npm/bin:/usr/local/sbin:/usr/local/bin:/usr/sbin:/usr/bin:/sbin:/bin:/usr/games:/usr/local/games:/snap/bin:/snap/bin:/home/jimd/.dotnet/tools:/home/jimd/dev/flutter/bin:/home/jimd/.dotnet:/home/jimd/.dotnet/tools:/home/jimd/.dotnet/:/home/jimd/anaconda3/bin:/home/jimd/miniconda3/bin:/home/jimd/miniconda3/condabin:/usr/local/lib/node_modules:/usr/local/share/npm/bin:/usr/local/sbin:/usr/local/bin:/usr/sbin:/usr/bin:/sbin:/bin:/usr/games:/usr/local/games:/snap/bin:/snap/bin:/home/jimd/.dotnet/tools:/home/jimd/dev/flutter/bin:/home/jimd/.dotnet:/home/jimd/.dotnet/tools:/usr/bin

Yarn version: 
  1.22.19

Node version: 
  19.5.0

Platform: 
  linux x64

Trace: 
  Error: canceled
      at Interface.<anonymous> (/usr/local/lib/node_modules/yarn/lib/cli.js:137150:13)
      at Interface.emit (node:events:512:28)
      at [_ttyWrite] [as _ttyWrite] (node:internal/readline/interface:1131:18)
      at ReadStream.onkeypress (node:internal/readline/interface:271:20)
      at ReadStream.emit (node:events:512:28)
      at emitKeys (node:internal/readline/utils:357:14)
      at emitKeys.next (<anonymous>)
      at ReadStream.onData (node:internal/readline/emitKeypressEvents:64:36)
      at ReadStream.emit (node:events:512:28)
      at addChunk (node:internal/streams/readable:324:12)

npm manifest: 
  No manifest

yarn manifest: 
  No manifest

Lockfile: 
  No lockfile
