Arguments: 
  /usr/local/bin/node /usr/local/bin/yarn add express body-parser pg typeorm reflect-metadata

PATH: 
  /home/jimd/anaconda3/bin:/home/jimd/miniconda3/bin:/home/jimd/miniconda3/condabin:/usr/local/lib/node_modules:/usr/local/share/npm/bin:/usr/local/sbin:/usr/local/bin:/usr/sbin:/usr/bin:/sbin:/bin:/usr/games:/usr/local/games:/snap/bin:/snap/bin:/home/jimd/.dotnet/tools:/home/jimd/dev/flutter/bin:/home/jimd/.dotnet:/home/jimd/.dotnet/tools:/home/jimd/.dotnet/:/home/jimd/anaconda3/bin:/home/jimd/miniconda3/bin:/home/jimd/miniconda3/condabin:/usr/local/lib/node_modules:/usr/local/share/npm/bin:/usr/local/sbin:/usr/local/bin:/usr/sbin:/usr/bin:/sbin:/bin:/usr/games:/usr/local/games:/snap/bin:/snap/bin:/home/jimd/.dotnet/tools:/home/jimd/dev/flutter/bin:/home/jimd/.dotnet:/home/jimd/.dotnet/tools:/usr/bin

Yarn version: 
  1.22.19

Node version: 
  19.5.0

Platform: 
  linux x64

Trace: 
  Error: connect ENETUNREACH 2606:4700::6810:1e22:443 - Local (:::0)
      at internalConnect (node:net:1059:16)
      at defaultTriggerAsyncIdScope (node:internal/async_hooks:465:18)
      at emitLookup (node:net:1321:9)
      at /usr/local/lib/node_modules/yarn/lib/cli.js:103606:29
      at /usr/local/lib/node_modules/yarn/lib/cli.js:103452:25
      at module.exports.RawTask.call (/usr/local/lib/node_modules/yarn/lib/cli.js:79584:19)
      at flush (/usr/local/lib/node_modules/yarn/lib/cli.js:79666:29)
      at process.processTicksAndRejections (node:internal/process/task_queues:77:11)

npm manifest: 
  {
    "name": "future-college-API",
    "version": "1.0.0",
    "description": "College Management System",
    "main": "index.js",
    "license": "MIT"
  }

yarn manifest: 
  No manifest

Lockfile: 
  No lockfile
